<?xml version="1.0" encoding="UTF-8"?>
<!-- Generated by org.testng.reporters.JUnitReportReporter -->
<testsuite hostname="utkarsh.saxena" failures="0" tests="1" name="systemTesting.userDetails.DeleteUserTest" time="0.122" errors="0" timestamp="2021-07-13T12:31:52 IST" skipped="0">
  <testcase classname="systemTesting.userDetails.DeleteUserTest" name="TC001_DeleteValidUser" time="0.122"/>
  <system-out/>
</testsuite> <!-- systemTesting.userDetails.DeleteUserTest -->
