<?xml version="1.0" encoding="UTF-8"?>
<!-- Generated by org.testng.reporters.JUnitReportReporter -->
<testsuite hostname="utkarsh.saxena" failures="0" tests="1" name="systemTesting.userDetails.CreateUsersTest" time="2.297" errors="0" timestamp="2021-07-13T12:31:52 IST" skipped="0">
  <testcase classname="systemTesting.userDetails.CreateUsersTest" name="TC001_CreateUserWithValidData" time="2.297"/>
  <system-out/>
</testsuite> <!-- systemTesting.userDetails.CreateUsersTest -->
