<?xml version="1.0" encoding="UTF-8"?>
<!-- Generated by org.testng.reporters.JUnitReportReporter -->
<testsuite hostname="utkarsh.saxena" failures="0" tests="1" name="systemTesting.userDetails.GetUserInfoTest" time="0.142" errors="0" timestamp="2021-07-13T12:31:52 IST" skipped="0">
  <testcase classname="systemTesting.userDetails.GetUserInfoTest" name="TC001_GetValidUserDetails" time="0.142"/>
  <system-out/>
</testsuite> <!-- systemTesting.userDetails.GetUserInfoTest -->
